Determining if the pthread_create exist failed with the following output:
Change Dir: /home/alexis/catkin_ws/src/mutual_modelling/build/CMakeFiles/CMakeTmp

Run Build Command:"/usr/bin/make" "cmTC_d657f/fast"
/usr/bin/make -f CMakeFiles/cmTC_d657f.dir/build.make CMakeFiles/cmTC_d657f.dir/build
make[1]: Entering directory '/home/alexis/catkin_ws/src/mutual_modelling/build/CMakeFiles/CMakeTmp'
Building C object CMakeFiles/cmTC_d657f.dir/CheckSymbolExists.c.o
/usr/bin/cc     -o CMakeFiles/cmTC_d657f.dir/CheckSymbolExists.c.o   -c /home/alexis/catkin_ws/src/mutual_modelling/build/CMakeFiles/CMakeTmp/CheckSymbolExists.c
Linking C executable cmTC_d657f
/usr/bin/cmake -E cmake_link_script CMakeFiles/cmTC_d657f.dir/link.txt --verbose=1
/usr/bin/cc       CMakeFiles/cmTC_d657f.dir/CheckSymbolExists.c.o  -o cmTC_d657f -rdynamic 
CMakeFiles/cmTC_d657f.dir/CheckSymbolExists.c.o: In function `main':
CheckSymbolExists.c:(.text+0x16): undefined reference to `pthread_create'
collect2: error: ld returned 1 exit status
CMakeFiles/cmTC_d657f.dir/build.make:97: recipe for target 'cmTC_d657f' failed
make[1]: *** [cmTC_d657f] Error 1
make[1]: Leaving directory '/home/alexis/catkin_ws/src/mutual_modelling/build/CMakeFiles/CMakeTmp'
Makefile:126: recipe for target 'cmTC_d657f/fast' failed
make: *** [cmTC_d657f/fast] Error 2

File /home/alexis/catkin_ws/src/mutual_modelling/build/CMakeFiles/CMakeTmp/CheckSymbolExists.c:
/* */
#include <pthread.h>

int main(int argc, char** argv)
{
  (void)argv;
#ifndef pthread_create
  return ((int*)(&pthread_create))[argc];
#else
  (void)argc;
  return 0;
#endif
}

Determining if the function pthread_create exists in the pthreads failed with the following output:
Change Dir: /home/alexis/catkin_ws/src/mutual_modelling/build/CMakeFiles/CMakeTmp

Run Build Command:"/usr/bin/make" "cmTC_f5e27/fast"
/usr/bin/make -f CMakeFiles/cmTC_f5e27.dir/build.make CMakeFiles/cmTC_f5e27.dir/build
make[1]: Entering directory '/home/alexis/catkin_ws/src/mutual_modelling/build/CMakeFiles/CMakeTmp'
Building C object CMakeFiles/cmTC_f5e27.dir/CheckFunctionExists.c.o
/usr/bin/cc    -DCHECK_FUNCTION_EXISTS=pthread_create   -o CMakeFiles/cmTC_f5e27.dir/CheckFunctionExists.c.o   -c /usr/share/cmake-3.5/Modules/CheckFunctionExists.c
Linking C executable cmTC_f5e27
/usr/bin/cmake -E cmake_link_script CMakeFiles/cmTC_f5e27.dir/link.txt --verbose=1
/usr/bin/cc   -DCHECK_FUNCTION_EXISTS=pthread_create    CMakeFiles/cmTC_f5e27.dir/CheckFunctionExists.c.o  -o cmTC_f5e27 -rdynamic -lpthreads 
/usr/bin/ld: cannot find -lpthreads
collect2: error: ld returned 1 exit status
CMakeFiles/cmTC_f5e27.dir/build.make:97: recipe for target 'cmTC_f5e27' failed
make[1]: *** [cmTC_f5e27] Error 1
make[1]: Leaving directory '/home/alexis/catkin_ws/src/mutual_modelling/build/CMakeFiles/CMakeTmp'
Makefile:126: recipe for target 'cmTC_f5e27/fast' failed
make: *** [cmTC_f5e27/fast] Error 2


